

Started GET "/" for 127.0.0.1 at 2014-04-29 15:23:57 -0700

ActiveRecord::PendingMigrationError (

Migrations are pending. To resolve this issue, run:

	bin/rake db:migrate RAILS_ENV=development

):
  activerecord (4.1.0) lib/active_record/migration.rb:389:in `check_pending!'
  activerecord (4.1.0) lib/active_record/migration.rb:377:in `call'
  actionpack (4.1.0) lib/action_dispatch/middleware/callbacks.rb:29:in `block in call'
  activesupport (4.1.0) lib/active_support/callbacks.rb:82:in `run_callbacks'
  actionpack (4.1.0) lib/action_dispatch/middleware/callbacks.rb:27:in `call'
  actionpack (4.1.0) lib/action_dispatch/middleware/reloader.rb:73:in `call'
  actionpack (4.1.0) lib/action_dispatch/middleware/remote_ip.rb:76:in `call'
  actionpack (4.1.0) lib/action_dispatch/middleware/debug_exceptions.rb:17:in `call'
  actionpack (4.1.0) lib/action_dispatch/middleware/show_exceptions.rb:30:in `call'
  railties (4.1.0) lib/rails/rack/logger.rb:38:in `call_app'
  railties (4.1.0) lib/rails/rack/logger.rb:20:in `block in call'
  activesupport (4.1.0) lib/active_support/tagged_logging.rb:68:in `block in tagged'
  activesupport (4.1.0) lib/active_support/tagged_logging.rb:26:in `tagged'
  activesupport (4.1.0) lib/active_support/tagged_logging.rb:68:in `tagged'
  railties (4.1.0) lib/rails/rack/logger.rb:20:in `call'
  actionpack (4.1.0) lib/action_dispatch/middleware/request_id.rb:21:in `call'
  rack (1.5.2) lib/rack/methodoverride.rb:21:in `call'
  rack (1.5.2) lib/rack/runtime.rb:17:in `call'
  activesupport (4.1.0) lib/active_support/cache/strategy/local_cache_middleware.rb:26:in `call'
  rack (1.5.2) lib/rack/lock.rb:17:in `call'
  actionpack (4.1.0) lib/action_dispatch/middleware/static.rb:64:in `call'
  rack (1.5.2) lib/rack/sendfile.rb:112:in `call'
  railties (4.1.0) lib/rails/engine.rb:514:in `call'
  railties (4.1.0) lib/rails/application.rb:144:in `call'
  rack (1.5.2) lib/rack/lock.rb:17:in `call'
  rack (1.5.2) lib/rack/content_length.rb:14:in `call'
  rack (1.5.2) lib/rack/handler/webrick.rb:60:in `service'
  /Users/Bammtastic/.rbenv/versions/2.1.1/lib/ruby/2.1.0/webrick/httpserver.rb:138:in `service'
  /Users/Bammtastic/.rbenv/versions/2.1.1/lib/ruby/2.1.0/webrick/httpserver.rb:94:in `run'
  /Users/Bammtastic/.rbenv/versions/2.1.1/lib/ruby/2.1.0/webrick/server.rb:295:in `block in start_thread'


  Rendered /Users/Bammtastic/.rbenv/versions/2.1.1/lib/ruby/gems/2.1.0/gems/actionpack-4.1.0/lib/action_dispatch/middleware/templates/rescues/_source.erb (0.8ms)
  Rendered /Users/Bammtastic/.rbenv/versions/2.1.1/lib/ruby/gems/2.1.0/gems/actionpack-4.1.0/lib/action_dispatch/middleware/templates/rescues/_trace.html.erb (1.2ms)
  Rendered /Users/Bammtastic/.rbenv/versions/2.1.1/lib/ruby/gems/2.1.0/gems/actionpack-4.1.0/lib/action_dispatch/middleware/templates/rescues/_request_and_response.html.erb (1.9ms)
  Rendered /Users/Bammtastic/.rbenv/versions/2.1.1/lib/ruby/gems/2.1.0/gems/actionpack-4.1.0/lib/action_dispatch/middleware/templates/rescues/diagnostics.erb within rescues/layout (49.0ms)
  [1m[36m (2.9ms)[0m  [1mCREATE TABLE "schema_migrations" ("version" varchar(255) NOT NULL) [0m
  [1m[35m (0.1ms)[0m  select sqlite_version(*)
  [1m[36m (3.1ms)[0m  [1mCREATE UNIQUE INDEX "unique_schema_migrations" ON "schema_migrations" ("version")[0m
  [1m[35mActiveRecord::SchemaMigration Load (0.1ms)[0m  SELECT "schema_migrations".* FROM "schema_migrations"
Migrating to CreatePeople (20140429220323)
  [1m[36m (0.1ms)[0m  [1mbegin transaction[0m
  [1m[35m (0.5ms)[0m  CREATE TABLE "people" ("id" INTEGER PRIMARY KEY AUTOINCREMENT NOT NULL, "last_name" varchar(255), "first_name" varchar(255), "email" varchar(255), "created_at" datetime, "updated_at" datetime) 
  [1m[36mSQL (0.2ms)[0m  [1mINSERT INTO "schema_migrations" ("version") VALUES (?)[0m  [["version", "20140429220323"]]
  [1m[35m (5.4ms)[0m  commit transaction
  [1m[36mActiveRecord::SchemaMigration Load (0.1ms)[0m  [1mSELECT "schema_migrations".* FROM "schema_migrations"[0m


Started GET "/" for 127.0.0.1 at 2014-04-29 15:26:27 -0700
  [1m[36mActiveRecord::SchemaMigration Load (0.1ms)[0m  [1mSELECT "schema_migrations".* FROM "schema_migrations"[0m
Processing by Rails::WelcomeController#index as HTML
  Rendered /Users/Bammtastic/.rbenv/versions/2.1.1/lib/ruby/gems/2.1.0/gems/railties-4.1.0/lib/rails/templates/rails/welcome/index.html.erb (0.8ms)
Completed 200 OK in 39ms (Views: 3.2ms | ActiveRecord: 0.0ms)


Started GET "/people" for 127.0.0.1 at 2014-04-29 15:26:32 -0700
Processing by PeopleController#index as HTML
  [1m[35mPerson Load (0.3ms)[0m  SELECT "people".* FROM "people"
  Rendered people/index.html.erb within layouts/application (3.5ms)
Completed 200 OK in 1085ms (Views: 1082.2ms | ActiveRecord: 0.3ms)


Started GET "/assets/people.css?body=1" for 127.0.0.1 at 2014-04-29 15:26:33 -0700


Started GET "/assets/scaffolds.css?body=1" for 127.0.0.1 at 2014-04-29 15:26:33 -0700


Started GET "/assets/application.css?body=1" for 127.0.0.1 at 2014-04-29 15:26:33 -0700


Started GET "/assets/jquery.js?body=1" for 127.0.0.1 at 2014-04-29 15:26:33 -0700


Started GET "/assets/people.js?body=1" for 127.0.0.1 at 2014-04-29 15:26:33 -0700


Started GET "/assets/jquery_ujs.js?body=1" for 127.0.0.1 at 2014-04-29 15:26:33 -0700


Started GET "/assets/turbolinks.js?body=1" for 127.0.0.1 at 2014-04-29 15:26:33 -0700


Started GET "/assets/application.js?body=1" for 127.0.0.1 at 2014-04-29 15:26:33 -0700


Started GET "/assets/application.css?body=1" for 127.0.0.1 at 2014-04-29 15:27:48 -0700


Started GET "/assets/people.js?body=1" for 127.0.0.1 at 2014-04-29 15:27:58 -0700


Started GET "/people/new" for 127.0.0.1 at 2014-04-29 15:28:28 -0700
Processing by PeopleController#new as HTML
  Rendered people/_form.html.erb (62.1ms)
  Rendered people/new.html.erb within layouts/application (356.8ms)
Completed 200 OK in 369ms (Views: 366.6ms | ActiveRecord: 0.5ms)


Started POST "/people" for 127.0.0.1 at 2014-04-29 15:28:42 -0700
Processing by PeopleController#create as HTML
  Parameters: {"utf8"=>"✓", "authenticity_token"=>"YANYh2LBK0c0a8/r4oCAuibCbU/66ZJ9qP216xxV/k8=", "person"=>{"last_name"=>"Barclift", "first_name"=>"Zack", "email"=>"zack@gmail.com"}, "commit"=>"Create Person"}
  [1m[36m (0.1ms)[0m  [1mbegin transaction[0m
  [1m[35mSQL (0.6ms)[0m  INSERT INTO "people" ("created_at", "email", "first_name", "last_name", "updated_at") VALUES (?, ?, ?, ?, ?)  [["created_at", "2014-04-29 22:28:42.524541"], ["email", "zack@gmail.com"], ["first_name", "Zack"], ["last_name", "Barclift"], ["updated_at", "2014-04-29 22:28:42.524541"]]
  [1m[36m (3.3ms)[0m  [1mcommit transaction[0m
Redirected to http://localhost:3000/people/1
Completed 302 Found in 13ms (ActiveRecord: 3.9ms)


Started GET "/people/1" for 127.0.0.1 at 2014-04-29 15:28:42 -0700
Processing by PeopleController#show as HTML
  Parameters: {"id"=>"1"}
  [1m[35mPerson Load (0.3ms)[0m  SELECT  "people".* FROM "people"  WHERE "people"."id" = ? LIMIT 1  [["id", 1]]
  Rendered people/show.html.erb within layouts/application (1.0ms)
Completed 200 OK in 9ms (Views: 5.8ms | ActiveRecord: 0.3ms)


Started GET "/assets/application.css?body=1" for 127.0.0.1 at 2014-04-29 15:28:42 -0700


Started GET "/assets/people.js?body=1" for 127.0.0.1 at 2014-04-29 15:28:42 -0700


Started GET "/people" for 127.0.0.1 at 2014-04-29 15:29:06 -0700
Processing by PeopleController#index as HTML
  [1m[36mPerson Load (0.3ms)[0m  [1mSELECT "people".* FROM "people"[0m
  Rendered people/index.html.erb within layouts/application (3.7ms)
Completed 200 OK in 12ms (Views: 11.1ms | ActiveRecord: 0.3ms)


Started GET "/people/new" for 127.0.0.1 at 2014-04-29 15:29:10 -0700
Processing by PeopleController#new as HTML
  Rendered people/_form.html.erb (4.7ms)
  Rendered people/new.html.erb within layouts/application (6.1ms)
Completed 200 OK in 14ms (Views: 13.0ms | ActiveRecord: 0.0ms)


Started POST "/people" for 127.0.0.1 at 2014-04-29 15:29:20 -0700
Processing by PeopleController#create as HTML
  Parameters: {"utf8"=>"✓", "authenticity_token"=>"YANYh2LBK0c0a8/r4oCAuibCbU/66ZJ9qP216xxV/k8=", "person"=>{"last_name"=>"Murray", "first_name"=>"Kelsey", "email"=>"kelsey@gmail.com"}, "commit"=>"Create Person"}
  [1m[35m (0.1ms)[0m  begin transaction
  [1m[36mSQL (0.3ms)[0m  [1mINSERT INTO "people" ("created_at", "email", "first_name", "last_name", "updated_at") VALUES (?, ?, ?, ?, ?)[0m  [["created_at", "2014-04-29 22:29:20.558353"], ["email", "kelsey@gmail.com"], ["first_name", "Kelsey"], ["last_name", "Murray"], ["updated_at", "2014-04-29 22:29:20.558353"]]
  [1m[35m (45.9ms)[0m  commit transaction
Redirected to http://localhost:3000/people/2
Completed 302 Found in 51ms (ActiveRecord: 46.4ms)


Started GET "/people/2" for 127.0.0.1 at 2014-04-29 15:29:20 -0700
Processing by PeopleController#show as HTML
  Parameters: {"id"=>"2"}
  [1m[36mPerson Load (0.2ms)[0m  [1mSELECT  "people".* FROM "people"  WHERE "people"."id" = ? LIMIT 1[0m  [["id", 2]]
  Rendered people/show.html.erb within layouts/application (0.5ms)
Completed 200 OK in 8ms (Views: 6.0ms | ActiveRecord: 0.2ms)


Started GET "/assets/application.css?body=1" for 127.0.0.1 at 2014-04-29 15:29:20 -0700


Started GET "/assets/scaffolds.css?body=1" for 127.0.0.1 at 2014-04-29 15:29:20 -0700


Started GET "/assets/people.css?body=1" for 127.0.0.1 at 2014-04-29 15:29:20 -0700


Started GET "/assets/people.js?body=1" for 127.0.0.1 at 2014-04-29 15:29:20 -0700


Started GET "/people" for 127.0.0.1 at 2014-04-29 15:29:22 -0700
Processing by PeopleController#index as HTML
  [1m[35mPerson Load (0.2ms)[0m  SELECT "people".* FROM "people"
  Rendered people/index.html.erb within layouts/application (2.1ms)
Completed 200 OK in 8ms (Views: 6.7ms | ActiveRecord: 0.2ms)


Started GET "/people/1" for 127.0.0.1 at 2014-04-29 15:29:44 -0700
Processing by PeopleController#show as HTML
  Parameters: {"id"=>"1"}
  [1m[36mPerson Load (0.2ms)[0m  [1mSELECT  "people".* FROM "people"  WHERE "people"."id" = ? LIMIT 1[0m  [["id", 1]]
  Rendered people/show.html.erb within layouts/application (1.7ms)
Completed 200 OK in 28ms (Views: 25.3ms | ActiveRecord: 0.2ms)


Started GET "/people" for 127.0.0.1 at 2014-04-29 15:29:46 -0700
Processing by PeopleController#index as HTML
  [1m[35mPerson Load (0.2ms)[0m  SELECT "people".* FROM "people"
  Rendered people/index.html.erb within layouts/application (2.7ms)
Completed 200 OK in 11ms (Views: 9.4ms | ActiveRecord: 0.2ms)


Started GET "/people" for 127.0.0.1 at 2014-04-29 15:37:13 -0700
Processing by PeopleController#index as HTML
  [1m[36mPerson Load (0.3ms)[0m  [1mSELECT "people".* FROM "people"[0m
  Rendered people/index.html.erb within layouts/application (6.1ms)
Completed 200 OK in 14ms (Views: 13.0ms | ActiveRecord: 0.3ms)


Started GET "/assets/scaffolds.css?body=1" for 127.0.0.1 at 2014-04-29 15:37:13 -0700


Started GET "/css/hr.css" for 127.0.0.1 at 2014-04-29 15:37:13 -0700

ActionController::RoutingError (No route matches [GET] "/css/hr.css"):
  actionpack (4.1.0) lib/action_dispatch/middleware/debug_exceptions.rb:21:in `call'
  actionpack (4.1.0) lib/action_dispatch/middleware/show_exceptions.rb:30:in `call'
  railties (4.1.0) lib/rails/rack/logger.rb:38:in `call_app'
  railties (4.1.0) lib/rails/rack/logger.rb:20:in `block in call'
  activesupport (4.1.0) lib/active_support/tagged_logging.rb:68:in `block in tagged'
  activesupport (4.1.0) lib/active_support/tagged_logging.rb:26:in `tagged'
  activesupport (4.1.0) lib/active_support/tagged_logging.rb:68:in `tagged'
  railties (4.1.0) lib/rails/rack/logger.rb:20:in `call'
  actionpack (4.1.0) lib/action_dispatch/middleware/request_id.rb:21:in `call'
  rack (1.5.2) lib/rack/methodoverride.rb:21:in `call'
  rack (1.5.2) lib/rack/runtime.rb:17:in `call'
  activesupport (4.1.0) lib/active_support/cache/strategy/local_cache_middleware.rb:26:in `call'
  rack (1.5.2) lib/rack/lock.rb:17:in `call'
  actionpack (4.1.0) lib/action_dispatch/middleware/static.rb:64:in `call'
  rack (1.5.2) lib/rack/sendfile.rb:112:in `call'
  railties (4.1.0) lib/rails/engine.rb:514:in `call'
  railties (4.1.0) lib/rails/application.rb:144:in `call'
  rack (1.5.2) lib/rack/lock.rb:17:in `call'
  rack (1.5.2) lib/rack/content_length.rb:14:in `call'
  rack (1.5.2) lib/rack/handler/webrick.rb:60:in `service'
  /Users/Bammtastic/.rbenv/versions/2.1.1/lib/ruby/2.1.0/webrick/httpserver.rb:138:in `service'
  /Users/Bammtastic/.rbenv/versions/2.1.1/lib/ruby/2.1.0/webrick/httpserver.rb:94:in `run'
  /Users/Bammtastic/.rbenv/versions/2.1.1/lib/ruby/2.1.0/webrick/server.rb:295:in `block in start_thread'


  Rendered /Users/Bammtastic/.rbenv/versions/2.1.1/lib/ruby/gems/2.1.0/gems/actionpack-4.1.0/lib/action_dispatch/middleware/templates/rescues/_trace.html.erb (3.1ms)
  Rendered /Users/Bammtastic/.rbenv/versions/2.1.1/lib/ruby/gems/2.1.0/gems/actionpack-4.1.0/lib/action_dispatch/middleware/templates/routes/_route.html.erb (2.7ms)
  Rendered /Users/Bammtastic/.rbenv/versions/2.1.1/lib/ruby/gems/2.1.0/gems/actionpack-4.1.0/lib/action_dispatch/middleware/templates/routes/_table.html.erb (6.7ms)
  Rendered /Users/Bammtastic/.rbenv/versions/2.1.1/lib/ruby/gems/2.1.0/gems/actionpack-4.1.0/lib/action_dispatch/middleware/templates/rescues/routing_error.html.erb within rescues/layout (45.9ms)


Started GET "/assets/jquery.js?body=1" for 127.0.0.1 at 2014-04-29 15:37:13 -0700


Started GET "/assets/jquery_ujs.js?body=1" for 127.0.0.1 at 2014-04-29 15:37:13 -0700


Started GET "/js/people.js" for 127.0.0.1 at 2014-04-29 15:37:13 -0700

ActionController::RoutingError (No route matches [GET] "/js/people.js"):
  actionpack (4.1.0) lib/action_dispatch/middleware/debug_exceptions.rb:21:in `call'
  actionpack (4.1.0) lib/action_dispatch/middleware/show_exceptions.rb:30:in `call'
  railties (4.1.0) lib/rails/rack/logger.rb:38:in `call_app'
  railties (4.1.0) lib/rails/rack/logger.rb:20:in `block in call'
  activesupport (4.1.0) lib/active_support/tagged_logging.rb:68:in `block in tagged'
  activesupport (4.1.0) lib/active_support/tagged_logging.rb:26:in `tagged'
  activesupport (4.1.0) lib/active_support/tagged_logging.rb:68:in `tagged'
  railties (4.1.0) lib/rails/rack/logger.rb:20:in `call'
  actionpack (4.1.0) lib/action_dispatch/middleware/request_id.rb:21:in `call'
  rack (1.5.2) lib/rack/methodoverride.rb:21:in `call'
  rack (1.5.2) lib/rack/runtime.rb:17:in `call'
  activesupport (4.1.0) lib/active_support/cache/strategy/local_cache_middleware.rb:26:in `call'
  rack (1.5.2) lib/rack/lock.rb:17:in `call'
  actionpack (4.1.0) lib/action_dispatch/middleware/static.rb:64:in `call'
  rack (1.5.2) lib/rack/sendfile.rb:112:in `call'
  railties (4.1.0) lib/rails/engine.rb:514:in `call'
  railties (4.1.0) lib/rails/application.rb:144:in `call'
  rack (1.5.2) lib/rack/lock.rb:17:in `call'
  rack (1.5.2) lib/rack/content_length.rb:14:in `call'
  rack (1.5.2) lib/rack/handler/webrick.rb:60:in `service'
  /Users/Bammtastic/.rbenv/versions/2.1.1/lib/ruby/2.1.0/webrick/httpserver.rb:138:in `service'
  /Users/Bammtastic/.rbenv/versions/2.1.1/lib/ruby/2.1.0/webrick/httpserver.rb:94:in `run'
  /Users/Bammtastic/.rbenv/versions/2.1.1/lib/ruby/2.1.0/webrick/server.rb:295:in `block in start_thread'


  Rendered /Users/Bammtastic/.rbenv/versions/2.1.1/lib/ruby/gems/2.1.0/gems/actionpack-4.1.0/lib/action_dispatch/middleware/templates/rescues/_trace.html.erb (1.2ms)
  Rendered /Users/Bammtastic/.rbenv/versions/2.1.1/lib/ruby/gems/2.1.0/gems/actionpack-4.1.0/lib/action_dispatch/middleware/templates/routes/_route.html.erb (1.6ms)
  Rendered /Users/Bammtastic/.rbenv/versions/2.1.1/lib/ruby/gems/2.1.0/gems/actionpack-4.1.0/lib/action_dispatch/middleware/templates/routes/_table.html.erb (2.6ms)
  Rendered /Users/Bammtastic/.rbenv/versions/2.1.1/lib/ruby/gems/2.1.0/gems/actionpack-4.1.0/lib/action_dispatch/middleware/templates/rescues/routing_error.html.erb within rescues/layout (23.5ms)


Started GET "/assets/application.css?body=1" for 127.0.0.1 at 2014-04-29 15:37:13 -0700


Started GET "/assets/people.css?body=1" for 127.0.0.1 at 2014-04-29 15:37:13 -0700


Started GET "/assets/people.js?body=1" for 127.0.0.1 at 2014-04-29 15:37:13 -0700


Started GET "/assets/turbolinks.js?body=1" for 127.0.0.1 at 2014-04-29 15:37:14 -0700


Started GET "/assets/application.js?body=1" for 127.0.0.1 at 2014-04-29 15:37:14 -0700


Started GET "/people" for 127.0.0.1 at 2014-04-29 15:39:17 -0700
Processing by PeopleController#index as HTML
  [1m[35mPerson Load (0.3ms)[0m  SELECT "people".* FROM "people"
  Rendered people/index.html.erb within layouts/application (4.2ms)
Completed 200 OK in 42ms (Views: 40.9ms | ActiveRecord: 0.3ms)


Started GET "/assets/people.css?body=1" for 127.0.0.1 at 2014-04-29 15:39:17 -0700


Started GET "/css/hr.css" for 127.0.0.1 at 2014-04-29 15:39:17 -0700

ActionController::RoutingError (No route matches [GET] "/css/hr.css"):
  actionpack (4.1.0) lib/action_dispatch/middleware/debug_exceptions.rb:21:in `call'
  actionpack (4.1.0) lib/action_dispatch/middleware/show_exceptions.rb:30:in `call'
  railties (4.1.0) lib/rails/rack/logger.rb:38:in `call_app'
  railties (4.1.0) lib/rails/rack/logger.rb:20:in `block in call'
  activesupport (4.1.0) lib/active_support/tagged_logging.rb:68:in `block in tagged'
  activesupport (4.1.0) lib/active_support/tagged_logging.rb:26:in `tagged'
  activesupport (4.1.0) lib/active_support/tagged_logging.rb:68:in `tagged'
  railties (4.1.0) lib/rails/rack/logger.rb:20:in `call'
  actionpack (4.1.0) lib/action_dispatch/middleware/request_id.rb:21:in `call'
  rack (1.5.2) lib/rack/methodoverride.rb:21:in `call'
  rack (1.5.2) lib/rack/runtime.rb:17:in `call'
  activesupport (4.1.0) lib/active_support/cache/strategy/local_cache_middleware.rb:26:in `call'
  rack (1.5.2) lib/rack/lock.rb:17:in `call'
  actionpack (4.1.0) lib/action_dispatch/middleware/static.rb:64:in `call'
  rack (1.5.2) lib/rack/sendfile.rb:112:in `call'
  railties (4.1.0) lib/rails/engine.rb:514:in `call'
  railties (4.1.0) lib/rails/application.rb:144:in `call'
  rack (1.5.2) lib/rack/lock.rb:17:in `call'
  rack (1.5.2) lib/rack/content_length.rb:14:in `call'
  rack (1.5.2) lib/rack/handler/webrick.rb:60:in `service'
  /Users/Bammtastic/.rbenv/versions/2.1.1/lib/ruby/2.1.0/webrick/httpserver.rb:138:in `service'
  /Users/Bammtastic/.rbenv/versions/2.1.1/lib/ruby/2.1.0/webrick/httpserver.rb:94:in `run'
  /Users/Bammtastic/.rbenv/versions/2.1.1/lib/ruby/2.1.0/webrick/server.rb:295:in `block in start_thread'


  Rendered /Users/Bammtastic/.rbenv/versions/2.1.1/lib/ruby/gems/2.1.0/gems/actionpack-4.1.0/lib/action_dispatch/middleware/templates/rescues/_trace.html.erb (1.5ms)
  Rendered /Users/Bammtastic/.rbenv/versions/2.1.1/lib/ruby/gems/2.1.0/gems/actionpack-4.1.0/lib/action_dispatch/middleware/templates/routes/_route.html.erb (1.4ms)
  Rendered /Users/Bammtastic/.rbenv/versions/2.1.1/lib/ruby/gems/2.1.0/gems/actionpack-4.1.0/lib/action_dispatch/middleware/templates/routes/_table.html.erb (2.0ms)
  Rendered /Users/Bammtastic/.rbenv/versions/2.1.1/lib/ruby/gems/2.1.0/gems/actionpack-4.1.0/lib/action_dispatch/middleware/templates/rescues/routing_error.html.erb within rescues/layout (25.4ms)


Started GET "/assets/scaffolds.css?body=1" for 127.0.0.1 at 2014-04-29 15:39:17 -0700


Started GET "/js/people.js" for 127.0.0.1 at 2014-04-29 15:39:17 -0700

ActionController::RoutingError (No route matches [GET] "/js/people.js"):
  actionpack (4.1.0) lib/action_dispatch/middleware/debug_exceptions.rb:21:in `call'
  actionpack (4.1.0) lib/action_dispatch/middleware/show_exceptions.rb:30:in `call'
  railties (4.1.0) lib/rails/rack/logger.rb:38:in `call_app'
  railties (4.1.0) lib/rails/rack/logger.rb:20:in `block in call'
  activesupport (4.1.0) lib/active_support/tagged_logging.rb:68:in `block in tagged'
  activesupport (4.1.0) lib/active_support/tagged_logging.rb:26:in `tagged'
  activesupport (4.1.0) lib/active_support/tagged_logging.rb:68:in `tagged'
  railties (4.1.0) lib/rails/rack/logger.rb:20:in `call'
  actionpack (4.1.0) lib/action_dispatch/middleware/request_id.rb:21:in `call'
  rack (1.5.2) lib/rack/methodoverride.rb:21:in `call'
  rack (1.5.2) lib/rack/runtime.rb:17:in `call'
  activesupport (4.1.0) lib/active_support/cache/strategy/local_cache_middleware.rb:26:in `call'
  rack (1.5.2) lib/rack/lock.rb:17:in `call'
  actionpack (4.1.0) lib/action_dispatch/middleware/static.rb:64:in `call'
  rack (1.5.2) lib/rack/sendfile.rb:112:in `call'
  railties (4.1.0) lib/rails/engine.rb:514:in `call'
  railties (4.1.0) lib/rails/application.rb:144:in `call'
  rack (1.5.2) lib/rack/lock.rb:17:in `call'
  rack (1.5.2) lib/rack/content_length.rb:14:in `call'
  rack (1.5.2) lib/rack/handler/webrick.rb:60:in `service'
  /Users/Bammtastic/.rbenv/versions/2.1.1/lib/ruby/2.1.0/webrick/httpserver.rb:138:in `service'
  /Users/Bammtastic/.rbenv/versions/2.1.1/lib/ruby/2.1.0/webrick/httpserver.rb:94:in `run'
  /Users/Bammtastic/.rbenv/versions/2.1.1/lib/ruby/2.1.0/webrick/server.rb:295:in `block in start_thread'


  Rendered /Users/Bammtastic/.rbenv/versions/2.1.1/lib/ruby/gems/2.1.0/gems/actionpack-4.1.0/lib/action_dispatch/middleware/templates/rescues/_trace.html.erb (1.5ms)
  Rendered /Users/Bammtastic/.rbenv/versions/2.1.1/lib/ruby/gems/2.1.0/gems/actionpack-4.1.0/lib/action_dispatch/middleware/templates/routes/_route.html.erb (1.7ms)
  Rendered /Users/Bammtastic/.rbenv/versions/2.1.1/lib/ruby/gems/2.1.0/gems/actionpack-4.1.0/lib/action_dispatch/middleware/templates/routes/_table.html.erb (1.4ms)
  Rendered /Users/Bammtastic/.rbenv/versions/2.1.1/lib/ruby/gems/2.1.0/gems/actionpack-4.1.0/lib/action_dispatch/middleware/templates/rescues/routing_error.html.erb within rescues/layout (23.2ms)


Started GET "/assets/application.css?body=1" for 127.0.0.1 at 2014-04-29 15:39:17 -0700


Started GET "/assets/jquery.js?body=1" for 127.0.0.1 at 2014-04-29 15:39:17 -0700


Started GET "/assets/jquery_ujs.js?body=1" for 127.0.0.1 at 2014-04-29 15:39:17 -0700


Started GET "/assets/people.js?body=1" for 127.0.0.1 at 2014-04-29 15:39:17 -0700


Started GET "/assets/turbolinks.js?body=1" for 127.0.0.1 at 2014-04-29 15:39:17 -0700


Started GET "/assets/application.js?body=1" for 127.0.0.1 at 2014-04-29 15:39:17 -0700


Started GET "/people" for 127.0.0.1 at 2014-04-29 15:42:49 -0700
Processing by PeopleController#index as HTML
  [1m[36mPerson Load (0.3ms)[0m  [1mSELECT "people".* FROM "people"[0m
  Rendered people/index.html.erb within layouts/application (3.5ms)
Completed 200 OK in 81ms (Views: 79.8ms | ActiveRecord: 0.3ms)


Started GET "/assets/people.css?body=1" for 127.0.0.1 at 2014-04-29 15:42:49 -0700


Started GET "/assets/scaffolds.css?body=1" for 127.0.0.1 at 2014-04-29 15:42:49 -0700


Started GET "/assets/application.css?body=1" for 127.0.0.1 at 2014-04-29 15:42:49 -0700


Started GET "/assets/turbolinks.js?body=1" for 127.0.0.1 at 2014-04-29 15:42:49 -0700


Started GET "/assets/jquery.js?body=1" for 127.0.0.1 at 2014-04-29 15:42:49 -0700


Started GET "/assets/jquery_ujs.js?body=1" for 127.0.0.1 at 2014-04-29 15:42:49 -0700


Started GET "/css/hr.css" for 127.0.0.1 at 2014-04-29 15:42:49 -0700

ActionController::RoutingError (No route matches [GET] "/css/hr.css"):
  actionpack (4.1.0) lib/action_dispatch/middleware/debug_exceptions.rb:21:in `call'
  actionpack (4.1.0) lib/action_dispatch/middleware/show_exceptions.rb:30:in `call'
  railties (4.1.0) lib/rails/rack/logger.rb:38:in `call_app'
  railties (4.1.0) lib/rails/rack/logger.rb:20:in `block in call'
  activesupport (4.1.0) lib/active_support/tagged_logging.rb:68:in `block in tagged'
  activesupport (4.1.0) lib/active_support/tagged_logging.rb:26:in `tagged'
  activesupport (4.1.0) lib/active_support/tagged_logging.rb:68:in `tagged'
  railties (4.1.0) lib/rails/rack/logger.rb:20:in `call'
  actionpack (4.1.0) lib/action_dispatch/middleware/request_id.rb:21:in `call'
  rack (1.5.2) lib/rack/methodoverride.rb:21:in `call'
  rack (1.5.2) lib/rack/runtime.rb:17:in `call'
  activesupport (4.1.0) lib/active_support/cache/strategy/local_cache_middleware.rb:26:in `call'
  rack (1.5.2) lib/rack/lock.rb:17:in `call'
  actionpack (4.1.0) lib/action_dispatch/middleware/static.rb:64:in `call'
  rack (1.5.2) lib/rack/sendfile.rb:112:in `call'
  railties (4.1.0) lib/rails/engine.rb:514:in `call'
  railties (4.1.0) lib/rails/application.rb:144:in `call'
  rack (1.5.2) lib/rack/lock.rb:17:in `call'
  rack (1.5.2) lib/rack/content_length.rb:14:in `call'
  rack (1.5.2) lib/rack/handler/webrick.rb:60:in `service'
  /Users/Bammtastic/.rbenv/versions/2.1.1/lib/ruby/2.1.0/webrick/httpserver.rb:138:in `service'
  /Users/Bammtastic/.rbenv/versions/2.1.1/lib/ruby/2.1.0/webrick/httpserver.rb:94:in `run'
  /Users/Bammtastic/.rbenv/versions/2.1.1/lib/ruby/2.1.0/webrick/server.rb:295:in `block in start_thread'


  Rendered /Users/Bammtastic/.rbenv/versions/2.1.1/lib/ruby/gems/2.1.0/gems/actionpack-4.1.0/lib/action_dispatch/middleware/templates/rescues/_trace.html.erb (3.1ms)
  Rendered /Users/Bammtastic/.rbenv/versions/2.1.1/lib/ruby/gems/2.1.0/gems/actionpack-4.1.0/lib/action_dispatch/middleware/templates/routes/_route.html.erb (2.5ms)
  Rendered /Users/Bammtastic/.rbenv/versions/2.1.1/lib/ruby/gems/2.1.0/gems/actionpack-4.1.0/lib/action_dispatch/middleware/templates/routes/_table.html.erb (1.6ms)
  Rendered /Users/Bammtastic/.rbenv/versions/2.1.1/lib/ruby/gems/2.1.0/gems/actionpack-4.1.0/lib/action_dispatch/middleware/templates/rescues/routing_error.html.erb within rescues/layout (44.1ms)


Started GET "/assets/application.js?body=1" for 127.0.0.1 at 2014-04-29 15:42:49 -0700


Started GET "/assets/people.js?body=1" for 127.0.0.1 at 2014-04-29 15:42:49 -0700


Started GET "/js/people.js" for 127.0.0.1 at 2014-04-29 15:42:49 -0700

ActionController::RoutingError (No route matches [GET] "/js/people.js"):
  actionpack (4.1.0) lib/action_dispatch/middleware/debug_exceptions.rb:21:in `call'
  actionpack (4.1.0) lib/action_dispatch/middleware/show_exceptions.rb:30:in `call'
  railties (4.1.0) lib/rails/rack/logger.rb:38:in `call_app'
  railties (4.1.0) lib/rails/rack/logger.rb:20:in `block in call'
  activesupport (4.1.0) lib/active_support/tagged_logging.rb:68:in `block in tagged'
  activesupport (4.1.0) lib/active_support/tagged_logging.rb:26:in `tagged'
  activesupport (4.1.0) lib/active_support/tagged_logging.rb:68:in `tagged'
  railties (4.1.0) lib/rails/rack/logger.rb:20:in `call'
  actionpack (4.1.0) lib/action_dispatch/middleware/request_id.rb:21:in `call'
  rack (1.5.2) lib/rack/methodoverride.rb:21:in `call'
  rack (1.5.2) lib/rack/runtime.rb:17:in `call'
  activesupport (4.1.0) lib/active_support/cache/strategy/local_cache_middleware.rb:26:in `call'
  rack (1.5.2) lib/rack/lock.rb:17:in `call'
  actionpack (4.1.0) lib/action_dispatch/middleware/static.rb:64:in `call'
  rack (1.5.2) lib/rack/sendfile.rb:112:in `call'
  railties (4.1.0) lib/rails/engine.rb:514:in `call'
  railties (4.1.0) lib/rails/application.rb:144:in `call'
  rack (1.5.2) lib/rack/lock.rb:17:in `call'
  rack (1.5.2) lib/rack/content_length.rb:14:in `call'
  rack (1.5.2) lib/rack/handler/webrick.rb:60:in `service'
  /Users/Bammtastic/.rbenv/versions/2.1.1/lib/ruby/2.1.0/webrick/httpserver.rb:138:in `service'
  /Users/Bammtastic/.rbenv/versions/2.1.1/lib/ruby/2.1.0/webrick/httpserver.rb:94:in `run'
  /Users/Bammtastic/.rbenv/versions/2.1.1/lib/ruby/2.1.0/webrick/server.rb:295:in `block in start_thread'


  Rendered /Users/Bammtastic/.rbenv/versions/2.1.1/lib/ruby/gems/2.1.0/gems/actionpack-4.1.0/lib/action_dispatch/middleware/templates/rescues/_trace.html.erb (1.8ms)
  Rendered /Users/Bammtastic/.rbenv/versions/2.1.1/lib/ruby/gems/2.1.0/gems/actionpack-4.1.0/lib/action_dispatch/middleware/templates/routes/_route.html.erb (3.1ms)
  Rendered /Users/Bammtastic/.rbenv/versions/2.1.1/lib/ruby/gems/2.1.0/gems/actionpack-4.1.0/lib/action_dispatch/middleware/templates/routes/_table.html.erb (2.2ms)
  Rendered /Users/Bammtastic/.rbenv/versions/2.1.1/lib/ruby/gems/2.1.0/gems/actionpack-4.1.0/lib/action_dispatch/middleware/templates/rescues/routing_error.html.erb within rescues/layout (30.7ms)


Started GET "/people/1.json" for 127.0.0.1 at 2014-04-29 15:47:41 -0700
Processing by PeopleController#show as JSON
  Parameters: {"id"=>"1"}
  [1m[35mPerson Load (0.1ms)[0m  SELECT  "people".* FROM "people"  WHERE "people"."id" = ? LIMIT 1  [["id", 1]]
  Rendered people/show.json.jbuilder (4.8ms)
Completed 200 OK in 10ms (Views: 7.9ms | ActiveRecord: 0.1ms)


Started GET "/people" for 127.0.0.1 at 2014-04-29 15:48:10 -0700
Processing by PeopleController#index as HTML
  [1m[36mPerson Load (0.2ms)[0m  [1mSELECT "people".* FROM "people"[0m
  Rendered people/index.html.erb within layouts/application (2.3ms)
Completed 200 OK in 9ms (Views: 8.1ms | ActiveRecord: 0.2ms)


Started GET "/assets/people.css?body=1" for 127.0.0.1 at 2014-04-29 15:48:10 -0700


Started GET "/assets/scaffolds.css?body=1" for 127.0.0.1 at 2014-04-29 15:48:10 -0700


Started GET "/assets/application.css?body=1" for 127.0.0.1 at 2014-04-29 15:48:10 -0700


Started GET "/assets/jquery.js?body=1" for 127.0.0.1 at 2014-04-29 15:48:10 -0700


Started GET "/assets/jquery_ujs.js?body=1" for 127.0.0.1 at 2014-04-29 15:48:10 -0700


Started GET "/css/hr.css" for 127.0.0.1 at 2014-04-29 15:48:10 -0700

ActionController::RoutingError (No route matches [GET] "/css/hr.css"):
  actionpack (4.1.0) lib/action_dispatch/middleware/debug_exceptions.rb:21:in `call'
  actionpack (4.1.0) lib/action_dispatch/middleware/show_exceptions.rb:30:in `call'
  railties (4.1.0) lib/rails/rack/logger.rb:38:in `call_app'
  railties (4.1.0) lib/rails/rack/logger.rb:20:in `block in call'
  activesupport (4.1.0) lib/active_support/tagged_logging.rb:68:in `block in tagged'
  activesupport (4.1.0) lib/active_support/tagged_logging.rb:26:in `tagged'
  activesupport (4.1.0) lib/active_support/tagged_logging.rb:68:in `tagged'
  railties (4.1.0) lib/rails/rack/logger.rb:20:in `call'
  actionpack (4.1.0) lib/action_dispatch/middleware/request_id.rb:21:in `call'
  rack (1.5.2) lib/rack/methodoverride.rb:21:in `call'
  rack (1.5.2) lib/rack/runtime.rb:17:in `call'
  activesupport (4.1.0) lib/active_support/cache/strategy/local_cache_middleware.rb:26:in `call'
  rack (1.5.2) lib/rack/lock.rb:17:in `call'
  actionpack (4.1.0) lib/action_dispatch/middleware/static.rb:64:in `call'
  rack (1.5.2) lib/rack/sendfile.rb:112:in `call'
  railties (4.1.0) lib/rails/engine.rb:514:in `call'
  railties (4.1.0) lib/rails/application.rb:144:in `call'
  rack (1.5.2) lib/rack/lock.rb:17:in `call'
  rack (1.5.2) lib/rack/content_length.rb:14:in `call'
  rack (1.5.2) lib/rack/handler/webrick.rb:60:in `service'
  /Users/Bammtastic/.rbenv/versions/2.1.1/lib/ruby/2.1.0/webrick/httpserver.rb:138:in `service'
  /Users/Bammtastic/.rbenv/versions/2.1.1/lib/ruby/2.1.0/webrick/httpserver.rb:94:in `run'
  /Users/Bammtastic/.rbenv/versions/2.1.1/lib/ruby/2.1.0/webrick/server.rb:295:in `block in start_thread'


  Rendered /Users/Bammtastic/.rbenv/versions/2.1.1/lib/ruby/gems/2.1.0/gems/actionpack-4.1.0/lib/action_dispatch/middleware/templates/rescues/_trace.html.erb (2.1ms)
  Rendered /Users/Bammtastic/.rbenv/versions/2.1.1/lib/ruby/gems/2.1.0/gems/actionpack-4.1.0/lib/action_dispatch/middleware/templates/routes/_route.html.erb (2.3ms)
  Rendered /Users/Bammtastic/.rbenv/versions/2.1.1/lib/ruby/gems/2.1.0/gems/actionpack-4.1.0/lib/action_dispatch/middleware/templates/routes/_table.html.erb (1.9ms)
  Rendered /Users/Bammtastic/.rbenv/versions/2.1.1/lib/ruby/gems/2.1.0/gems/actionpack-4.1.0/lib/action_dispatch/middleware/templates/rescues/routing_error.html.erb within rescues/layout (57.2ms)


Started GET "/assets/turbolinks.js?body=1" for 127.0.0.1 at 2014-04-29 15:48:10 -0700


Started GET "/assets/people.js?body=1" for 127.0.0.1 at 2014-04-29 15:48:10 -0700


Started GET "/js/people.js" for 127.0.0.1 at 2014-04-29 15:48:10 -0700

ActionController::RoutingError (No route matches [GET] "/js/people.js"):
  actionpack (4.1.0) lib/action_dispatch/middleware/debug_exceptions.rb:21:in `call'
  actionpack (4.1.0) lib/action_dispatch/middleware/show_exceptions.rb:30:in `call'
  railties (4.1.0) lib/rails/rack/logger.rb:38:in `call_app'
  railties (4.1.0) lib/rails/rack/logger.rb:20:in `block in call'
  activesupport (4.1.0) lib/active_support/tagged_logging.rb:68:in `block in tagged'
  activesupport (4.1.0) lib/active_support/tagged_logging.rb:26:in `tagged'
  activesupport (4.1.0) lib/active_support/tagged_logging.rb:68:in `tagged'
  railties (4.1.0) lib/rails/rack/logger.rb:20:in `call'
  actionpack (4.1.0) lib/action_dispatch/middleware/request_id.rb:21:in `call'
  rack (1.5.2) lib/rack/methodoverride.rb:21:in `call'
  rack (1.5.2) lib/rack/runtime.rb:17:in `call'
  activesupport (4.1.0) lib/active_support/cache/strategy/local_cache_middleware.rb:26:in `call'
  rack (1.5.2) lib/rack/lock.rb:17:in `call'
  actionpack (4.1.0) lib/action_dispatch/middleware/static.rb:64:in `call'
  rack (1.5.2) lib/rack/sendfile.rb:112:in `call'
  railties (4.1.0) lib/rails/engine.rb:514:in `call'
  railties (4.1.0) lib/rails/application.rb:144:in `call'
  rack (1.5.2) lib/rack/lock.rb:17:in `call'
  rack (1.5.2) lib/rack/content_length.rb:14:in `call'
  rack (1.5.2) lib/rack/handler/webrick.rb:60:in `service'
  /Users/Bammtastic/.rbenv/versions/2.1.1/lib/ruby/2.1.0/webrick/httpserver.rb:138:in `service'
  /Users/Bammtastic/.rbenv/versions/2.1.1/lib/ruby/2.1.0/webrick/httpserver.rb:94:in `run'
  /Users/Bammtastic/.rbenv/versions/2.1.1/lib/ruby/2.1.0/webrick/server.rb:295:in `block in start_thread'


  Rendered /Users/Bammtastic/.rbenv/versions/2.1.1/lib/ruby/gems/2.1.0/gems/actionpack-4.1.0/lib/action_dispatch/middleware/templates/rescues/_trace.html.erb (2.1ms)
  Rendered /Users/Bammtastic/.rbenv/versions/2.1.1/lib/ruby/gems/2.1.0/gems/actionpack-4.1.0/lib/action_dispatch/middleware/templates/routes/_route.html.erb (1.8ms)
  Rendered /Users/Bammtastic/.rbenv/versions/2.1.1/lib/ruby/gems/2.1.0/gems/actionpack-4.1.0/lib/action_dispatch/middleware/templates/routes/_table.html.erb (1.4ms)
  Rendered /Users/Bammtastic/.rbenv/versions/2.1.1/lib/ruby/gems/2.1.0/gems/actionpack-4.1.0/lib/action_dispatch/middleware/templates/rescues/routing_error.html.erb within rescues/layout (38.4ms)


Started GET "/assets/application.js?body=1" for 127.0.0.1 at 2014-04-29 15:48:10 -0700


Started GET "/people/1/edit" for 127.0.0.1 at 2014-04-29 15:50:01 -0700
Processing by PeopleController#edit as HTML
  Parameters: {"id"=>"1"}
  [1m[35mPerson Load (0.2ms)[0m  SELECT  "people".* FROM "people"  WHERE "people"."id" = ? LIMIT 1  [["id", 1]]
  Rendered people/_form.html.erb (4.2ms)
  Rendered people/edit.html.erb within layouts/application (8.7ms)
Completed 200 OK in 17ms (Views: 15.1ms | ActiveRecord: 0.2ms)


Started GET "/people" for 127.0.0.1 at 2014-04-29 16:00:48 -0700
Processing by PeopleController#index as HTML
  [1m[36mPerson Load (0.3ms)[0m  [1mSELECT "people".* FROM "people"[0m
  Rendered people/index.html.erb within layouts/application (4.6ms)
Completed 200 OK in 13ms (Views: 10.4ms | ActiveRecord: 0.3ms)


Started GET "/assets/people.css?body=1" for 127.0.0.1 at 2014-04-29 16:00:48 -0700


Started GET "/css/hr.css" for 127.0.0.1 at 2014-04-29 16:00:48 -0700

ActionController::RoutingError (No route matches [GET] "/css/hr.css"):
  actionpack (4.1.0) lib/action_dispatch/middleware/debug_exceptions.rb:21:in `call'
  actionpack (4.1.0) lib/action_dispatch/middleware/show_exceptions.rb:30:in `call'
  railties (4.1.0) lib/rails/rack/logger.rb:38:in `call_app'
  railties (4.1.0) lib/rails/rack/logger.rb:20:in `block in call'
  activesupport (4.1.0) lib/active_support/tagged_logging.rb:68:in `block in tagged'
  activesupport (4.1.0) lib/active_support/tagged_logging.rb:26:in `tagged'
  activesupport (4.1.0) lib/active_support/tagged_logging.rb:68:in `tagged'
  railties (4.1.0) lib/rails/rack/logger.rb:20:in `call'
  actionpack (4.1.0) lib/action_dispatch/middleware/request_id.rb:21:in `call'
  rack (1.5.2) lib/rack/methodoverride.rb:21:in `call'
  rack (1.5.2) lib/rack/runtime.rb:17:in `call'
  activesupport (4.1.0) lib/active_support/cache/strategy/local_cache_middleware.rb:26:in `call'
  rack (1.5.2) lib/rack/lock.rb:17:in `call'
  actionpack (4.1.0) lib/action_dispatch/middleware/static.rb:64:in `call'
  rack (1.5.2) lib/rack/sendfile.rb:112:in `call'
  railties (4.1.0) lib/rails/engine.rb:514:in `call'
  railties (4.1.0) lib/rails/application.rb:144:in `call'
  rack (1.5.2) lib/rack/lock.rb:17:in `call'
  rack (1.5.2) lib/rack/content_length.rb:14:in `call'
  rack (1.5.2) lib/rack/handler/webrick.rb:60:in `service'
  /Users/Bammtastic/.rbenv/versions/2.1.1/lib/ruby/2.1.0/webrick/httpserver.rb:138:in `service'
  /Users/Bammtastic/.rbenv/versions/2.1.1/lib/ruby/2.1.0/webrick/httpserver.rb:94:in `run'
  /Users/Bammtastic/.rbenv/versions/2.1.1/lib/ruby/2.1.0/webrick/server.rb:295:in `block in start_thread'


  Rendered /Users/Bammtastic/.rbenv/versions/2.1.1/lib/ruby/gems/2.1.0/gems/actionpack-4.1.0/lib/action_dispatch/middleware/templates/rescues/_trace.html.erb (2.2ms)
  Rendered /Users/Bammtastic/.rbenv/versions/2.1.1/lib/ruby/gems/2.1.0/gems/actionpack-4.1.0/lib/action_dispatch/middleware/templates/routes/_route.html.erb (2.9ms)
  Rendered /Users/Bammtastic/.rbenv/versions/2.1.1/lib/ruby/gems/2.1.0/gems/actionpack-4.1.0/lib/action_dispatch/middleware/templates/routes/_table.html.erb (2.0ms)
  Rendered /Users/Bammtastic/.rbenv/versions/2.1.1/lib/ruby/gems/2.1.0/gems/actionpack-4.1.0/lib/action_dispatch/middleware/templates/rescues/routing_error.html.erb within rescues/layout (33.5ms)


Started GET "/assets/application.css?body=1" for 127.0.0.1 at 2014-04-29 16:00:48 -0700


Started GET "/assets/scaffolds.css?body=1" for 127.0.0.1 at 2014-04-29 16:00:48 -0700


Started GET "/assets/jquery.js?body=1" for 127.0.0.1 at 2014-04-29 16:00:48 -0700


Started GET "/assets/jquery_ujs.js?body=1" for 127.0.0.1 at 2014-04-29 16:00:48 -0700


Started GET "/assets/turbolinks.js?body=1" for 127.0.0.1 at 2014-04-29 16:00:48 -0700


Started GET "/assets/application.js?body=1" for 127.0.0.1 at 2014-04-29 16:00:48 -0700


Started GET "/js/people.js" for 127.0.0.1 at 2014-04-29 16:00:48 -0700

ActionController::RoutingError (No route matches [GET] "/js/people.js"):
  actionpack (4.1.0) lib/action_dispatch/middleware/debug_exceptions.rb:21:in `call'
  actionpack (4.1.0) lib/action_dispatch/middleware/show_exceptions.rb:30:in `call'
  railties (4.1.0) lib/rails/rack/logger.rb:38:in `call_app'
  railties (4.1.0) lib/rails/rack/logger.rb:20:in `block in call'
  activesupport (4.1.0) lib/active_support/tagged_logging.rb:68:in `block in tagged'
  activesupport (4.1.0) lib/active_support/tagged_logging.rb:26:in `tagged'
  activesupport (4.1.0) lib/active_support/tagged_logging.rb:68:in `tagged'
  railties (4.1.0) lib/rails/rack/logger.rb:20:in `call'
  actionpack (4.1.0) lib/action_dispatch/middleware/request_id.rb:21:in `call'
  rack (1.5.2) lib/rack/methodoverride.rb:21:in `call'
  rack (1.5.2) lib/rack/runtime.rb:17:in `call'
  activesupport (4.1.0) lib/active_support/cache/strategy/local_cache_middleware.rb:26:in `call'
  rack (1.5.2) lib/rack/lock.rb:17:in `call'
  actionpack (4.1.0) lib/action_dispatch/middleware/static.rb:64:in `call'
  rack (1.5.2) lib/rack/sendfile.rb:112:in `call'
  railties (4.1.0) lib/rails/engine.rb:514:in `call'
  railties (4.1.0) lib/rails/application.rb:144:in `call'
  rack (1.5.2) lib/rack/lock.rb:17:in `call'
  rack (1.5.2) lib/rack/content_length.rb:14:in `call'
  rack (1.5.2) lib/rack/handler/webrick.rb:60:in `service'
  /Users/Bammtastic/.rbenv/versions/2.1.1/lib/ruby/2.1.0/webrick/httpserver.rb:138:in `service'
  /Users/Bammtastic/.rbenv/versions/2.1.1/lib/ruby/2.1.0/webrick/httpserver.rb:94:in `run'
  /Users/Bammtastic/.rbenv/versions/2.1.1/lib/ruby/2.1.0/webrick/server.rb:295:in `block in start_thread'


  Rendered /Users/Bammtastic/.rbenv/versions/2.1.1/lib/ruby/gems/2.1.0/gems/actionpack-4.1.0/lib/action_dispatch/middleware/templates/rescues/_trace.html.erb (2.2ms)
  Rendered /Users/Bammtastic/.rbenv/versions/2.1.1/lib/ruby/gems/2.1.0/gems/actionpack-4.1.0/lib/action_dispatch/middleware/templates/routes/_route.html.erb (2.4ms)
  Rendered /Users/Bammtastic/.rbenv/versions/2.1.1/lib/ruby/gems/2.1.0/gems/actionpack-4.1.0/lib/action_dispatch/middleware/templates/routes/_table.html.erb (2.2ms)
  Rendered /Users/Bammtastic/.rbenv/versions/2.1.1/lib/ruby/gems/2.1.0/gems/actionpack-4.1.0/lib/action_dispatch/middleware/templates/rescues/routing_error.html.erb within rescues/layout (47.8ms)


Started GET "/assets/people.js?body=1" for 127.0.0.1 at 2014-04-29 16:00:48 -0700


Started POST "/people" for 127.0.0.1 at 2014-04-29 16:00:59 -0700
Processing by PeopleController#create as HTML
  Parameters: {"person"=>{"first_name"=>"Jamil", "last_name"=>"Sparks", "email"=>"jamil@gmail.com"}}
Can't verify CSRF token authenticity
Completed 422 Unprocessable Entity in 1ms

ActionController::InvalidAuthenticityToken (ActionController::InvalidAuthenticityToken):
  actionpack (4.1.0) lib/action_controller/metal/request_forgery_protection.rb:176:in `handle_unverified_request'
  actionpack (4.1.0) lib/action_controller/metal/request_forgery_protection.rb:202:in `handle_unverified_request'
  actionpack (4.1.0) lib/action_controller/metal/request_forgery_protection.rb:197:in `verify_authenticity_token'
  activesupport (4.1.0) lib/active_support/callbacks.rb:424:in `block in make_lambda'
  activesupport (4.1.0) lib/active_support/callbacks.rb:160:in `call'
  activesupport (4.1.0) lib/active_support/callbacks.rb:160:in `block in halting'
  activesupport (4.1.0) lib/active_support/callbacks.rb:86:in `call'
  activesupport (4.1.0) lib/active_support/callbacks.rb:86:in `run_callbacks'
  actionpack (4.1.0) lib/abstract_controller/callbacks.rb:19:in `process_action'
  actionpack (4.1.0) lib/action_controller/metal/rescue.rb:29:in `process_action'
  actionpack (4.1.0) lib/action_controller/metal/instrumentation.rb:31:in `block in process_action'
  activesupport (4.1.0) lib/active_support/notifications.rb:159:in `block in instrument'
  activesupport (4.1.0) lib/active_support/notifications/instrumenter.rb:20:in `instrument'
  activesupport (4.1.0) lib/active_support/notifications.rb:159:in `instrument'
  actionpack (4.1.0) lib/action_controller/metal/instrumentation.rb:30:in `process_action'
  actionpack (4.1.0) lib/action_controller/metal/params_wrapper.rb:250:in `process_action'
  activerecord (4.1.0) lib/active_record/railties/controller_runtime.rb:18:in `process_action'
  actionpack (4.1.0) lib/abstract_controller/base.rb:136:in `process'
  actionview (4.1.0) lib/action_view/rendering.rb:30:in `process'
  actionpack (4.1.0) lib/action_controller/metal.rb:195:in `dispatch'
  actionpack (4.1.0) lib/action_controller/metal/rack_delegation.rb:13:in `dispatch'
  actionpack (4.1.0) lib/action_controller/metal.rb:231:in `block in action'
  actionpack (4.1.0) lib/action_dispatch/routing/route_set.rb:80:in `call'
  actionpack (4.1.0) lib/action_dispatch/routing/route_set.rb:80:in `dispatch'
  actionpack (4.1.0) lib/action_dispatch/routing/route_set.rb:48:in `call'
  actionpack (4.1.0) lib/action_dispatch/journey/router.rb:71:in `block in call'
  actionpack (4.1.0) lib/action_dispatch/journey/router.rb:59:in `each'
  actionpack (4.1.0) lib/action_dispatch/journey/router.rb:59:in `call'
  actionpack (4.1.0) lib/action_dispatch/routing/route_set.rb:676:in `call'
  rack (1.5.2) lib/rack/etag.rb:23:in `call'
  rack (1.5.2) lib/rack/conditionalget.rb:35:in `call'
  rack (1.5.2) lib/rack/head.rb:11:in `call'
  actionpack (4.1.0) lib/action_dispatch/middleware/params_parser.rb:27:in `call'
  actionpack (4.1.0) lib/action_dispatch/middleware/flash.rb:254:in `call'
  rack (1.5.2) lib/rack/session/abstract/id.rb:225:in `context'
  rack (1.5.2) lib/rack/session/abstract/id.rb:220:in `call'
  actionpack (4.1.0) lib/action_dispatch/middleware/cookies.rb:560:in `call'
  activerecord (4.1.0) lib/active_record/query_cache.rb:36:in `call'
  activerecord (4.1.0) lib/active_record/connection_adapters/abstract/connection_pool.rb:621:in `call'
  activerecord (4.1.0) lib/active_record/migration.rb:380:in `call'
  actionpack (4.1.0) lib/action_dispatch/middleware/callbacks.rb:29:in `block in call'
  activesupport (4.1.0) lib/active_support/callbacks.rb:82:in `run_callbacks'
  actionpack (4.1.0) lib/action_dispatch/middleware/callbacks.rb:27:in `call'
  actionpack (4.1.0) lib/action_dispatch/middleware/reloader.rb:73:in `call'
  actionpack (4.1.0) lib/action_dispatch/middleware/remote_ip.rb:76:in `call'
  actionpack (4.1.0) lib/action_dispatch/middleware/debug_exceptions.rb:17:in `call'
  actionpack (4.1.0) lib/action_dispatch/middleware/show_exceptions.rb:30:in `call'
  railties (4.1.0) lib/rails/rack/logger.rb:38:in `call_app'
  railties (4.1.0) lib/rails/rack/logger.rb:20:in `block in call'
  activesupport (4.1.0) lib/active_support/tagged_logging.rb:68:in `block in tagged'
  activesupport (4.1.0) lib/active_support/tagged_logging.rb:26:in `tagged'
  activesupport (4.1.0) lib/active_support/tagged_logging.rb:68:in `tagged'
  railties (4.1.0) lib/rails/rack/logger.rb:20:in `call'
  actionpack (4.1.0) lib/action_dispatch/middleware/request_id.rb:21:in `call'
  rack (1.5.2) lib/rack/methodoverride.rb:21:in `call'
  rack (1.5.2) lib/rack/runtime.rb:17:in `call'
  activesupport (4.1.0) lib/active_support/cache/strategy/local_cache_middleware.rb:26:in `call'
  rack (1.5.2) lib/rack/lock.rb:17:in `call'
  actionpack (4.1.0) lib/action_dispatch/middleware/static.rb:64:in `call'
  rack (1.5.2) lib/rack/sendfile.rb:112:in `call'
  railties (4.1.0) lib/rails/engine.rb:514:in `call'
  railties (4.1.0) lib/rails/application.rb:144:in `call'
  rack (1.5.2) lib/rack/lock.rb:17:in `call'
  rack (1.5.2) lib/rack/content_length.rb:14:in `call'
  rack (1.5.2) lib/rack/handler/webrick.rb:60:in `service'
  /Users/Bammtastic/.rbenv/versions/2.1.1/lib/ruby/2.1.0/webrick/httpserver.rb:138:in `service'
  /Users/Bammtastic/.rbenv/versions/2.1.1/lib/ruby/2.1.0/webrick/httpserver.rb:94:in `run'
  /Users/Bammtastic/.rbenv/versions/2.1.1/lib/ruby/2.1.0/webrick/server.rb:295:in `block in start_thread'


  Rendered /Users/Bammtastic/.rbenv/versions/2.1.1/lib/ruby/gems/2.1.0/gems/actionpack-4.1.0/lib/action_dispatch/middleware/templates/rescues/_source.erb (0.6ms)
  Rendered /Users/Bammtastic/.rbenv/versions/2.1.1/lib/ruby/gems/2.1.0/gems/actionpack-4.1.0/lib/action_dispatch/middleware/templates/rescues/_trace.html.erb (1.3ms)
  Rendered /Users/Bammtastic/.rbenv/versions/2.1.1/lib/ruby/gems/2.1.0/gems/actionpack-4.1.0/lib/action_dispatch/middleware/templates/rescues/_request_and_response.html.erb (1.5ms)
  Rendered /Users/Bammtastic/.rbenv/versions/2.1.1/lib/ruby/gems/2.1.0/gems/actionpack-4.1.0/lib/action_dispatch/middleware/templates/rescues/diagnostics.erb within rescues/layout (19.8ms)


Started GET "/people" for 127.0.0.1 at 2014-04-29 16:04:06 -0700
Processing by PeopleController#index as HTML
  [1m[35mPerson Load (0.4ms)[0m  SELECT "people".* FROM "people"
  Rendered people/index.html.erb within layouts/application (21.3ms)
Completed 200 OK in 30ms (Views: 26.5ms | ActiveRecord: 0.6ms)


Started GET "/assets/application.css?body=1" for 127.0.0.1 at 2014-04-29 16:04:06 -0700


Started GET "/assets/scaffolds.css?body=1" for 127.0.0.1 at 2014-04-29 16:04:06 -0700


Started GET "/assets/jquery_ujs.js?body=1" for 127.0.0.1 at 2014-04-29 16:04:06 -0700


Started GET "/assets/jquery.js?body=1" for 127.0.0.1 at 2014-04-29 16:04:06 -0700


Started GET "/assets/people.css?body=1" for 127.0.0.1 at 2014-04-29 16:04:06 -0700


Started GET "/assets/turbolinks.js?body=1" for 127.0.0.1 at 2014-04-29 16:04:06 -0700


Started GET "/css/hr.css" for 127.0.0.1 at 2014-04-29 16:04:06 -0700

ActionController::RoutingError (No route matches [GET] "/css/hr.css"):
  actionpack (4.1.0) lib/action_dispatch/middleware/debug_exceptions.rb:21:in `call'
  actionpack (4.1.0) lib/action_dispatch/middleware/show_exceptions.rb:30:in `call'
  railties (4.1.0) lib/rails/rack/logger.rb:38:in `call_app'
  railties (4.1.0) lib/rails/rack/logger.rb:20:in `block in call'
  activesupport (4.1.0) lib/active_support/tagged_logging.rb:68:in `block in tagged'
  activesupport (4.1.0) lib/active_support/tagged_logging.rb:26:in `tagged'
  activesupport (4.1.0) lib/active_support/tagged_logging.rb:68:in `tagged'
  railties (4.1.0) lib/rails/rack/logger.rb:20:in `call'
  actionpack (4.1.0) lib/action_dispatch/middleware/request_id.rb:21:in `call'
  rack (1.5.2) lib/rack/methodoverride.rb:21:in `call'
  rack (1.5.2) lib/rack/runtime.rb:17:in `call'
  activesupport (4.1.0) lib/active_support/cache/strategy/local_cache_middleware.rb:26:in `call'
  rack (1.5.2) lib/rack/lock.rb:17:in `call'
  actionpack (4.1.0) lib/action_dispatch/middleware/static.rb:64:in `call'
  rack (1.5.2) lib/rack/sendfile.rb:112:in `call'
  railties (4.1.0) lib/rails/engine.rb:514:in `call'
  railties (4.1.0) lib/rails/application.rb:144:in `call'
  rack (1.5.2) lib/rack/lock.rb:17:in `call'
  rack (1.5.2) lib/rack/content_length.rb:14:in `call'
  rack (1.5.2) lib/rack/handler/webrick.rb:60:in `service'
  /Users/Bammtastic/.rbenv/versions/2.1.1/lib/ruby/2.1.0/webrick/httpserver.rb:138:in `service'
  /Users/Bammtastic/.rbenv/versions/2.1.1/lib/ruby/2.1.0/webrick/httpserver.rb:94:in `run'
  /Users/Bammtastic/.rbenv/versions/2.1.1/lib/ruby/2.1.0/webrick/server.rb:295:in `block in start_thread'


  Rendered /Users/Bammtastic/.rbenv/versions/2.1.1/lib/ruby/gems/2.1.0/gems/actionpack-4.1.0/lib/action_dispatch/middleware/templates/rescues/_trace.html.erb (2.0ms)
  Rendered /Users/Bammtastic/.rbenv/versions/2.1.1/lib/ruby/gems/2.1.0/gems/actionpack-4.1.0/lib/action_dispatch/middleware/templates/routes/_route.html.erb (3.1ms)
  Rendered /Users/Bammtastic/.rbenv/versions/2.1.1/lib/ruby/gems/2.1.0/gems/actionpack-4.1.0/lib/action_dispatch/middleware/templates/routes/_table.html.erb (1.9ms)
  Rendered /Users/Bammtastic/.rbenv/versions/2.1.1/lib/ruby/gems/2.1.0/gems/actionpack-4.1.0/lib/action_dispatch/middleware/templates/rescues/routing_error.html.erb within rescues/layout (55.3ms)


Started GET "/assets/people.js?body=1" for 127.0.0.1 at 2014-04-29 16:04:07 -0700


Started GET "/assets/application.js?body=1" for 127.0.0.1 at 2014-04-29 16:04:07 -0700


Started GET "/js/people.js" for 127.0.0.1 at 2014-04-29 16:04:07 -0700

ActionController::RoutingError (No route matches [GET] "/js/people.js"):
  actionpack (4.1.0) lib/action_dispatch/middleware/debug_exceptions.rb:21:in `call'
  actionpack (4.1.0) lib/action_dispatch/middleware/show_exceptions.rb:30:in `call'
  railties (4.1.0) lib/rails/rack/logger.rb:38:in `call_app'
  railties (4.1.0) lib/rails/rack/logger.rb:20:in `block in call'
  activesupport (4.1.0) lib/active_support/tagged_logging.rb:68:in `block in tagged'
  activesupport (4.1.0) lib/active_support/tagged_logging.rb:26:in `tagged'
  activesupport (4.1.0) lib/active_support/tagged_logging.rb:68:in `tagged'
  railties (4.1.0) lib/rails/rack/logger.rb:20:in `call'
  actionpack (4.1.0) lib/action_dispatch/middleware/request_id.rb:21:in `call'
  rack (1.5.2) lib/rack/methodoverride.rb:21:in `call'
  rack (1.5.2) lib/rack/runtime.rb:17:in `call'
  activesupport (4.1.0) lib/active_support/cache/strategy/local_cache_middleware.rb:26:in `call'
  rack (1.5.2) lib/rack/lock.rb:17:in `call'
  actionpack (4.1.0) lib/action_dispatch/middleware/static.rb:64:in `call'
  rack (1.5.2) lib/rack/sendfile.rb:112:in `call'
  railties (4.1.0) lib/rails/engine.rb:514:in `call'
  railties (4.1.0) lib/rails/application.rb:144:in `call'
  rack (1.5.2) lib/rack/lock.rb:17:in `call'
  rack (1.5.2) lib/rack/content_length.rb:14:in `call'
  rack (1.5.2) lib/rack/handler/webrick.rb:60:in `service'
  /Users/Bammtastic/.rbenv/versions/2.1.1/lib/ruby/2.1.0/webrick/httpserver.rb:138:in `service'
  /Users/Bammtastic/.rbenv/versions/2.1.1/lib/ruby/2.1.0/webrick/httpserver.rb:94:in `run'
  /Users/Bammtastic/.rbenv/versions/2.1.1/lib/ruby/2.1.0/webrick/server.rb:295:in `block in start_thread'


  Rendered /Users/Bammtastic/.rbenv/versions/2.1.1/lib/ruby/gems/2.1.0/gems/actionpack-4.1.0/lib/action_dispatch/middleware/templates/rescues/_trace.html.erb (1.4ms)
  Rendered /Users/Bammtastic/.rbenv/versions/2.1.1/lib/ruby/gems/2.1.0/gems/actionpack-4.1.0/lib/action_dispatch/middleware/templates/routes/_route.html.erb (3.8ms)
  Rendered /Users/Bammtastic/.rbenv/versions/2.1.1/lib/ruby/gems/2.1.0/gems/actionpack-4.1.0/lib/action_dispatch/middleware/templates/routes/_table.html.erb (2.1ms)
  Rendered /Users/Bammtastic/.rbenv/versions/2.1.1/lib/ruby/gems/2.1.0/gems/actionpack-4.1.0/lib/action_dispatch/middleware/templates/rescues/routing_error.html.erb within rescues/layout (38.1ms)


Started POST "/people" for 127.0.0.1 at 2014-04-29 16:04:11 -0700
Processing by PeopleController#create as HTML
  Parameters: {"person"=>{"first_name"=>"Jamil", "last_name"=>"Sparks", "email"=>"jamil@gmail.com"}}
  [1m[36m (0.1ms)[0m  [1mbegin transaction[0m
  [1m[35mSQL (0.9ms)[0m  INSERT INTO "people" ("created_at", "email", "first_name", "last_name", "updated_at") VALUES (?, ?, ?, ?, ?)  [["created_at", "2014-04-29 23:04:11.138382"], ["email", "jamil@gmail.com"], ["first_name", "Jamil"], ["last_name", "Sparks"], ["updated_at", "2014-04-29 23:04:11.138382"]]
  [1m[36m (49.3ms)[0m  [1mcommit transaction[0m
Redirected to http://localhost:3000/people/3
Completed 302 Found in 58ms (ActiveRecord: 50.3ms)


Started GET "/people/3" for 127.0.0.1 at 2014-04-29 16:04:11 -0700
Processing by PeopleController#show as HTML
  Parameters: {"id"=>"3"}
  [1m[35mPerson Load (0.3ms)[0m  SELECT  "people".* FROM "people"  WHERE "people"."id" = ? LIMIT 1  [["id", 3]]
  Rendered people/show.html.erb within layouts/application (0.5ms)
Completed 200 OK in 9ms (Views: 7.0ms | ActiveRecord: 0.3ms)


Started GET "/assets/scaffolds.css?body=1" for 127.0.0.1 at 2014-04-29 16:04:11 -0700


Started GET "/assets/turbolinks.js?body=1" for 127.0.0.1 at 2014-04-29 16:04:11 -0700


Started GET "/assets/jquery_ujs.js?body=1" for 127.0.0.1 at 2014-04-29 16:04:11 -0700


Started GET "/assets/application.css?body=1" for 127.0.0.1 at 2014-04-29 16:04:11 -0700


Started GET "/assets/jquery.js?body=1" for 127.0.0.1 at 2014-04-29 16:04:11 -0700


Started GET "/assets/people.css?body=1" for 127.0.0.1 at 2014-04-29 16:04:11 -0700


Started GET "/assets/people.js?body=1" for 127.0.0.1 at 2014-04-29 16:04:11 -0700


Started GET "/assets/application.js?body=1" for 127.0.0.1 at 2014-04-29 16:04:11 -0700


Started GET "/people" for 127.0.0.1 at 2014-04-29 16:10:05 -0700
Processing by PeopleController#index as HTML
  [1m[36mPerson Load (1.0ms)[0m  [1mSELECT "people".* FROM "people"[0m
  Rendered people/index.html.erb within layouts/application (6.3ms)
Completed 200 OK in 15ms (Views: 12.7ms | ActiveRecord: 1.0ms)


Started GET "/css/hr.css" for 127.0.0.1 at 2014-04-29 16:10:05 -0700

ActionController::RoutingError (No route matches [GET] "/css/hr.css"):
  actionpack (4.1.0) lib/action_dispatch/middleware/debug_exceptions.rb:21:in `call'
  actionpack (4.1.0) lib/action_dispatch/middleware/show_exceptions.rb:30:in `call'
  railties (4.1.0) lib/rails/rack/logger.rb:38:in `call_app'
  railties (4.1.0) lib/rails/rack/logger.rb:20:in `block in call'
  activesupport (4.1.0) lib/active_support/tagged_logging.rb:68:in `block in tagged'
  activesupport (4.1.0) lib/active_support/tagged_logging.rb:26:in `tagged'
  activesupport (4.1.0) lib/active_support/tagged_logging.rb:68:in `tagged'
  railties (4.1.0) lib/rails/rack/logger.rb:20:in `call'
  actionpack (4.1.0) lib/action_dispatch/middleware/request_id.rb:21:in `call'
  rack (1.5.2) lib/rack/methodoverride.rb:21:in `call'
  rack (1.5.2) lib/rack/runtime.rb:17:in `call'
  activesupport (4.1.0) lib/active_support/cache/strategy/local_cache_middleware.rb:26:in `call'
  rack (1.5.2) lib/rack/lock.rb:17:in `call'
  actionpack (4.1.0) lib/action_dispatch/middleware/static.rb:64:in `call'
  rack (1.5.2) lib/rack/sendfile.rb:112:in `call'
  railties (4.1.0) lib/rails/engine.rb:514:in `call'
  railties (4.1.0) lib/rails/application.rb:144:in `call'
  rack (1.5.2) lib/rack/lock.rb:17:in `call'
  rack (1.5.2) lib/rack/content_length.rb:14:in `call'
  rack (1.5.2) lib/rack/handler/webrick.rb:60:in `service'
  /Users/Bammtastic/.rbenv/versions/2.1.1/lib/ruby/2.1.0/webrick/httpserver.rb:138:in `service'
  /Users/Bammtastic/.rbenv/versions/2.1.1/lib/ruby/2.1.0/webrick/httpserver.rb:94:in `run'
  /Users/Bammtastic/.rbenv/versions/2.1.1/lib/ruby/2.1.0/webrick/server.rb:295:in `block in start_thread'


  Rendered /Users/Bammtastic/.rbenv/versions/2.1.1/lib/ruby/gems/2.1.0/gems/actionpack-4.1.0/lib/action_dispatch/middleware/templates/rescues/_trace.html.erb (4.3ms)
  Rendered /Users/Bammtastic/.rbenv/versions/2.1.1/lib/ruby/gems/2.1.0/gems/actionpack-4.1.0/lib/action_dispatch/middleware/templates/routes/_route.html.erb (1.6ms)
  Rendered /Users/Bammtastic/.rbenv/versions/2.1.1/lib/ruby/gems/2.1.0/gems/actionpack-4.1.0/lib/action_dispatch/middleware/templates/routes/_table.html.erb (1.5ms)
  Rendered /Users/Bammtastic/.rbenv/versions/2.1.1/lib/ruby/gems/2.1.0/gems/actionpack-4.1.0/lib/action_dispatch/middleware/templates/rescues/routing_error.html.erb within rescues/layout (36.5ms)


Started GET "/js/people.js" for 127.0.0.1 at 2014-04-29 16:10:05 -0700

ActionController::RoutingError (No route matches [GET] "/js/people.js"):
  actionpack (4.1.0) lib/action_dispatch/middleware/debug_exceptions.rb:21:in `call'
  actionpack (4.1.0) lib/action_dispatch/middleware/show_exceptions.rb:30:in `call'
  railties (4.1.0) lib/rails/rack/logger.rb:38:in `call_app'
  railties (4.1.0) lib/rails/rack/logger.rb:20:in `block in call'
  activesupport (4.1.0) lib/active_support/tagged_logging.rb:68:in `block in tagged'
  activesupport (4.1.0) lib/active_support/tagged_logging.rb:26:in `tagged'
  activesupport (4.1.0) lib/active_support/tagged_logging.rb:68:in `tagged'
  railties (4.1.0) lib/rails/rack/logger.rb:20:in `call'
  actionpack (4.1.0) lib/action_dispatch/middleware/request_id.rb:21:in `call'
  rack (1.5.2) lib/rack/methodoverride.rb:21:in `call'
  rack (1.5.2) lib/rack/runtime.rb:17:in `call'
  activesupport (4.1.0) lib/active_support/cache/strategy/local_cache_middleware.rb:26:in `call'
  rack (1.5.2) lib/rack/lock.rb:17:in `call'
  actionpack (4.1.0) lib/action_dispatch/middleware/static.rb:64:in `call'
  rack (1.5.2) lib/rack/sendfile.rb:112:in `call'
  railties (4.1.0) lib/rails/engine.rb:514:in `call'
  railties (4.1.0) lib/rails/application.rb:144:in `call'
  rack (1.5.2) lib/rack/lock.rb:17:in `call'
  rack (1.5.2) lib/rack/content_length.rb:14:in `call'
  rack (1.5.2) lib/rack/handler/webrick.rb:60:in `service'
  /Users/Bammtastic/.rbenv/versions/2.1.1/lib/ruby/2.1.0/webrick/httpserver.rb:138:in `service'
  /Users/Bammtastic/.rbenv/versions/2.1.1/lib/ruby/2.1.0/webrick/httpserver.rb:94:in `run'
  /Users/Bammtastic/.rbenv/versions/2.1.1/lib/ruby/2.1.0/webrick/server.rb:295:in `block in start_thread'


  Rendered /Users/Bammtastic/.rbenv/versions/2.1.1/lib/ruby/gems/2.1.0/gems/actionpack-4.1.0/lib/action_dispatch/middleware/templates/rescues/_trace.html.erb (1.3ms)
  Rendered /Users/Bammtastic/.rbenv/versions/2.1.1/lib/ruby/gems/2.1.0/gems/actionpack-4.1.0/lib/action_dispatch/middleware/templates/routes/_route.html.erb (1.5ms)
  Rendered /Users/Bammtastic/.rbenv/versions/2.1.1/lib/ruby/gems/2.1.0/gems/actionpack-4.1.0/lib/action_dispatch/middleware/templates/routes/_table.html.erb (1.1ms)
  Rendered /Users/Bammtastic/.rbenv/versions/2.1.1/lib/ruby/gems/2.1.0/gems/actionpack-4.1.0/lib/action_dispatch/middleware/templates/rescues/routing_error.html.erb within rescues/layout (24.1ms)


Started GET "/people" for 127.0.0.1 at 2014-04-29 16:49:33 -0700
Processing by PeopleController#index as HTML
  [1m[35mPerson Load (0.2ms)[0m  SELECT "people".* FROM "people"
  Rendered people/index.html.erb within layouts/application (3.5ms)
Completed 200 OK in 12ms (Views: 10.9ms | ActiveRecord: 0.2ms)


Started GET "/assets/people.css?body=1" for 127.0.0.1 at 2014-04-29 16:49:33 -0700


Started GET "/assets/scaffolds.css?body=1" for 127.0.0.1 at 2014-04-29 16:49:33 -0700


Started GET "/assets/jquery.js?body=1" for 127.0.0.1 at 2014-04-29 16:49:33 -0700


Started GET "/assets/application.css?body=1" for 127.0.0.1 at 2014-04-29 16:49:33 -0700


Started GET "/assets/jquery_ujs.js?body=1" for 127.0.0.1 at 2014-04-29 16:49:33 -0700


Started GET "/assets/people.js?body=1" for 127.0.0.1 at 2014-04-29 16:49:33 -0700


Started GET "/assets/application.js?body=1" for 127.0.0.1 at 2014-04-29 16:49:33 -0700


Started GET "/assets/turbolinks.js?body=1" for 127.0.0.1 at 2014-04-29 16:49:33 -0700


Started GET "/js/people.js" for 127.0.0.1 at 2014-04-29 16:49:33 -0700

ActionController::RoutingError (No route matches [GET] "/js/people.js"):
  actionpack (4.1.0) lib/action_dispatch/middleware/debug_exceptions.rb:21:in `call'
  actionpack (4.1.0) lib/action_dispatch/middleware/show_exceptions.rb:30:in `call'
  railties (4.1.0) lib/rails/rack/logger.rb:38:in `call_app'
  railties (4.1.0) lib/rails/rack/logger.rb:20:in `block in call'
  activesupport (4.1.0) lib/active_support/tagged_logging.rb:68:in `block in tagged'
  activesupport (4.1.0) lib/active_support/tagged_logging.rb:26:in `tagged'
  activesupport (4.1.0) lib/active_support/tagged_logging.rb:68:in `tagged'
  railties (4.1.0) lib/rails/rack/logger.rb:20:in `call'
  actionpack (4.1.0) lib/action_dispatch/middleware/request_id.rb:21:in `call'
  rack (1.5.2) lib/rack/methodoverride.rb:21:in `call'
  rack (1.5.2) lib/rack/runtime.rb:17:in `call'
  activesupport (4.1.0) lib/active_support/cache/strategy/local_cache_middleware.rb:26:in `call'
  rack (1.5.2) lib/rack/lock.rb:17:in `call'
  actionpack (4.1.0) lib/action_dispatch/middleware/static.rb:64:in `call'
  rack (1.5.2) lib/rack/sendfile.rb:112:in `call'
  railties (4.1.0) lib/rails/engine.rb:514:in `call'
  railties (4.1.0) lib/rails/application.rb:144:in `call'
  rack (1.5.2) lib/rack/lock.rb:17:in `call'
  rack (1.5.2) lib/rack/content_length.rb:14:in `call'
  rack (1.5.2) lib/rack/handler/webrick.rb:60:in `service'
  /Users/Bammtastic/.rbenv/versions/2.1.1/lib/ruby/2.1.0/webrick/httpserver.rb:138:in `service'
  /Users/Bammtastic/.rbenv/versions/2.1.1/lib/ruby/2.1.0/webrick/httpserver.rb:94:in `run'
  /Users/Bammtastic/.rbenv/versions/2.1.1/lib/ruby/2.1.0/webrick/server.rb:295:in `block in start_thread'


  Rendered /Users/Bammtastic/.rbenv/versions/2.1.1/lib/ruby/gems/2.1.0/gems/actionpack-4.1.0/lib/action_dispatch/middleware/templates/rescues/_trace.html.erb (1.4ms)
  Rendered /Users/Bammtastic/.rbenv/versions/2.1.1/lib/ruby/gems/2.1.0/gems/actionpack-4.1.0/lib/action_dispatch/middleware/templates/routes/_route.html.erb (2.4ms)
  Rendered /Users/Bammtastic/.rbenv/versions/2.1.1/lib/ruby/gems/2.1.0/gems/actionpack-4.1.0/lib/action_dispatch/middleware/templates/routes/_table.html.erb (2.0ms)
  Rendered /Users/Bammtastic/.rbenv/versions/2.1.1/lib/ruby/gems/2.1.0/gems/actionpack-4.1.0/lib/action_dispatch/middleware/templates/rescues/routing_error.html.erb within rescues/layout (32.8ms)


Started GET "/people" for 127.0.0.1 at 2014-04-29 16:49:59 -0700
Processing by PeopleController#index as HTML
  [1m[36mPerson Load (0.2ms)[0m  [1mSELECT "people".* FROM "people"[0m
  Rendered people/index.html.erb within layouts/application (3.3ms)
Completed 200 OK in 9ms (Views: 8.1ms | ActiveRecord: 0.2ms)


Started GET "/assets/people.css?body=1" for 127.0.0.1 at 2014-04-29 16:49:59 -0700


Started GET "/assets/scaffolds.css?body=1" for 127.0.0.1 at 2014-04-29 16:49:59 -0700


Started GET "/assets/application.css?body=1" for 127.0.0.1 at 2014-04-29 16:49:59 -0700


Started GET "/assets/turbolinks.js?body=1" for 127.0.0.1 at 2014-04-29 16:49:59 -0700


Started GET "/assets/people.js?body=1" for 127.0.0.1 at 2014-04-29 16:49:59 -0700


Started GET "/assets/jquery_ujs.js?body=1" for 127.0.0.1 at 2014-04-29 16:49:59 -0700


Started GET "/assets/jquery.js?body=1" for 127.0.0.1 at 2014-04-29 16:49:59 -0700


Started GET "/assets/application.js?body=1" for 127.0.0.1 at 2014-04-29 16:49:59 -0700


Started GET "/people" for 127.0.0.1 at 2014-04-29 16:50:31 -0700
Processing by PeopleController#index as HTML
  [1m[35mPerson Load (0.3ms)[0m  SELECT "people".* FROM "people"
  Rendered people/index.html.erb within layouts/application (4.1ms)
Completed 200 OK in 10ms (Views: 9.1ms | ActiveRecord: 0.3ms)


Started GET "/assets/people.css?body=1" for 127.0.0.1 at 2014-04-29 16:50:31 -0700


Started GET "/assets/application.css?body=1" for 127.0.0.1 at 2014-04-29 16:50:31 -0700


Started GET "/assets/scaffolds.css?body=1" for 127.0.0.1 at 2014-04-29 16:50:31 -0700


Started GET "/assets/people.js?body=1" for 127.0.0.1 at 2014-04-29 16:50:31 -0700


Started GET "/assets/jquery.js?body=1" for 127.0.0.1 at 2014-04-29 16:50:31 -0700


Started GET "/assets/turbolinks.js?body=1" for 127.0.0.1 at 2014-04-29 16:50:31 -0700


Started GET "/assets/jquery_ujs.js?body=1" for 127.0.0.1 at 2014-04-29 16:50:31 -0700


Started GET "/assets/application.js?body=1" for 127.0.0.1 at 2014-04-29 16:50:31 -0700


Started POST "/people" for 127.0.0.1 at 2014-04-29 16:59:15 -0700
Processing by PeopleController#create as HTML
  Parameters: {"person"=>{"first_name"=>"Lance", "last_name"=>"Lakey", "email"=>"Lance@gmail.com"}}
  [1m[36m (0.1ms)[0m  [1mbegin transaction[0m
  [1m[35mSQL (0.5ms)[0m  INSERT INTO "people" ("created_at", "email", "first_name", "last_name", "updated_at") VALUES (?, ?, ?, ?, ?)  [["created_at", "2014-04-29 23:59:15.752191"], ["email", "Lance@gmail.com"], ["first_name", "Lance"], ["last_name", "Lakey"], ["updated_at", "2014-04-29 23:59:15.752191"]]
  [1m[36m (45.2ms)[0m  [1mcommit transaction[0m
Redirected to http://localhost:3000/people/4
Completed 302 Found in 50ms (ActiveRecord: 45.8ms)


Started GET "/people/4" for 127.0.0.1 at 2014-04-29 16:59:15 -0700
Processing by PeopleController#show as HTML
  Parameters: {"id"=>"4"}
  [1m[35mPerson Load (0.1ms)[0m  SELECT  "people".* FROM "people"  WHERE "people"."id" = ? LIMIT 1  [["id", 4]]
  Rendered people/show.html.erb within layouts/application (1.1ms)
Completed 200 OK in 8ms (Views: 6.2ms | ActiveRecord: 0.1ms)


Started GET "/assets/people.css?body=1" for 127.0.0.1 at 2014-04-29 16:59:15 -0700


Started GET "/assets/jquery_ujs.js?body=1" for 127.0.0.1 at 2014-04-29 16:59:15 -0700


Started GET "/assets/application.css?body=1" for 127.0.0.1 at 2014-04-29 16:59:15 -0700


Started GET "/assets/scaffolds.css?body=1" for 127.0.0.1 at 2014-04-29 16:59:15 -0700


Started GET "/assets/jquery.js?body=1" for 127.0.0.1 at 2014-04-29 16:59:15 -0700


Started GET "/assets/turbolinks.js?body=1" for 127.0.0.1 at 2014-04-29 16:59:15 -0700


Started GET "/assets/people.js?body=1" for 127.0.0.1 at 2014-04-29 16:59:15 -0700


Started GET "/assets/application.js?body=1" for 127.0.0.1 at 2014-04-29 16:59:15 -0700


Started GET "/people" for 127.0.0.1 at 2014-04-29 16:59:18 -0700
Processing by PeopleController#index as HTML
  [1m[36mPerson Load (0.3ms)[0m  [1mSELECT "people".* FROM "people"[0m
  Rendered people/index.html.erb within layouts/application (4.8ms)
Completed 200 OK in 13ms (Views: 11.4ms | ActiveRecord: 0.3ms)


Started GET "/people" for 127.0.0.1 at 2014-04-29 17:03:53 -0700
Processing by PeopleController#index as HTML
  [1m[35mPerson Load (0.2ms)[0m  SELECT "people".* FROM "people"
  Rendered people/index.html.erb within layouts/application (2.8ms)
Completed 200 OK in 8ms (Views: 7.6ms | ActiveRecord: 0.2ms)


Started GET "/assets/people.css?body=1" for 127.0.0.1 at 2014-04-29 17:03:53 -0700


Started GET "/assets/jquery.js?body=1" for 127.0.0.1 at 2014-04-29 17:03:53 -0700


Started GET "/assets/people.js?body=1" for 127.0.0.1 at 2014-04-29 17:03:53 -0700


Started GET "/assets/application.css?body=1" for 127.0.0.1 at 2014-04-29 17:03:53 -0700


Started GET "/assets/scaffolds.css?body=1" for 127.0.0.1 at 2014-04-29 17:03:53 -0700


Started GET "/assets/jquery_ujs.js?body=1" for 127.0.0.1 at 2014-04-29 17:03:53 -0700


Started GET "/assets/turbolinks.js?body=1" for 127.0.0.1 at 2014-04-29 17:03:53 -0700


Started GET "/assets/application.js?body=1" for 127.0.0.1 at 2014-04-29 17:03:53 -0700


Started GET "/people" for 127.0.0.1 at 2014-04-29 17:04:43 -0700
Processing by PeopleController#index as HTML
  [1m[36mPerson Load (0.4ms)[0m  [1mSELECT "people".* FROM "people"[0m
Completed 500 Internal Server Error in 5ms

ArgumentError (wrong number of arguments (1 for 0)):
  app/controllers/people_controller.rb:10:in `index'


  Rendered /Users/Bammtastic/.rbenv/versions/2.1.1/lib/ruby/gems/2.1.0/gems/actionpack-4.1.0/lib/action_dispatch/middleware/templates/rescues/_source.erb (0.9ms)
  Rendered /Users/Bammtastic/.rbenv/versions/2.1.1/lib/ruby/gems/2.1.0/gems/actionpack-4.1.0/lib/action_dispatch/middleware/templates/rescues/_trace.html.erb (2.2ms)
  Rendered /Users/Bammtastic/.rbenv/versions/2.1.1/lib/ruby/gems/2.1.0/gems/actionpack-4.1.0/lib/action_dispatch/middleware/templates/rescues/_request_and_response.html.erb (1.3ms)
  Rendered /Users/Bammtastic/.rbenv/versions/2.1.1/lib/ruby/gems/2.1.0/gems/actionpack-4.1.0/lib/action_dispatch/middleware/templates/rescues/diagnostics.erb within rescues/layout (25.9ms)


Started GET "/people" for 127.0.0.1 at 2014-04-29 17:07:23 -0700
Processing by PeopleController#index as HTML
  [1m[35mPerson Load (0.4ms)[0m  SELECT "people".* FROM "people"
  Rendered people/index.html.erb within layouts/application (5.0ms)
Completed 200 OK in 14ms (Views: 10.0ms | ActiveRecord: 0.6ms)


Started GET "/assets/people.css?body=1" for 127.0.0.1 at 2014-04-29 17:07:23 -0700


Started GET "/assets/scaffolds.css?body=1" for 127.0.0.1 at 2014-04-29 17:07:23 -0700


Started GET "/assets/jquery_ujs.js?body=1" for 127.0.0.1 at 2014-04-29 17:07:23 -0700


Started GET "/assets/application.css?body=1" for 127.0.0.1 at 2014-04-29 17:07:23 -0700


Started GET "/assets/turbolinks.js?body=1" for 127.0.0.1 at 2014-04-29 17:07:23 -0700


Started GET "/assets/people.js?body=1" for 127.0.0.1 at 2014-04-29 17:07:23 -0700


Started GET "/assets/jquery.js?body=1" for 127.0.0.1 at 2014-04-29 17:07:23 -0700


Started GET "/assets/application.js?body=1" for 127.0.0.1 at 2014-04-29 17:07:23 -0700


Started GET "/people" for 127.0.0.1 at 2014-04-29 17:08:25 -0700
Processing by PeopleController#index as HTML
  [1m[36mPerson Load (0.4ms)[0m  [1mSELECT "people".* FROM "people"   ORDER BY people.last_name[0m
  Rendered people/index.html.erb within layouts/application (7.2ms)
Completed 200 OK in 14ms (Views: 11.5ms | ActiveRecord: 0.7ms)


Started GET "/assets/people.css?body=1" for 127.0.0.1 at 2014-04-29 17:08:25 -0700


Started GET "/assets/turbolinks.js?body=1" for 127.0.0.1 at 2014-04-29 17:08:25 -0700


Started GET "/assets/application.css?body=1" for 127.0.0.1 at 2014-04-29 17:08:25 -0700


Started GET "/assets/scaffolds.css?body=1" for 127.0.0.1 at 2014-04-29 17:08:25 -0700


Started GET "/assets/jquery_ujs.js?body=1" for 127.0.0.1 at 2014-04-29 17:08:25 -0700


Started GET "/assets/jquery.js?body=1" for 127.0.0.1 at 2014-04-29 17:08:25 -0700


Started GET "/assets/people.js?body=1" for 127.0.0.1 at 2014-04-29 17:08:25 -0700


Started GET "/assets/application.js?body=1" for 127.0.0.1 at 2014-04-29 17:08:25 -0700


Started GET "/people" for 127.0.0.1 at 2014-04-29 17:09:22 -0700
Processing by PeopleController#index as HTML
  [1m[35mPerson Load (0.2ms)[0m  SELECT "people".* FROM "people"   ORDER BY people.last_name
  Rendered people/index.html.erb within layouts/application (2.9ms)
Completed 200 OK in 9ms (Views: 7.8ms | ActiveRecord: 0.2ms)


Started GET "/assets/people.css?body=1" for 127.0.0.1 at 2014-04-29 17:09:22 -0700


Started GET "/assets/application.css?body=1" for 127.0.0.1 at 2014-04-29 17:09:22 -0700


Started GET "/assets/scaffolds.css?body=1" for 127.0.0.1 at 2014-04-29 17:09:22 -0700


Started GET "/assets/jquery.js?body=1" for 127.0.0.1 at 2014-04-29 17:09:22 -0700


Started GET "/assets/jquery_ujs.js?body=1" for 127.0.0.1 at 2014-04-29 17:09:22 -0700


Started GET "/assets/turbolinks.js?body=1" for 127.0.0.1 at 2014-04-29 17:09:22 -0700


Started GET "/assets/people.js?body=1" for 127.0.0.1 at 2014-04-29 17:09:22 -0700


Started GET "/assets/application.js?body=1" for 127.0.0.1 at 2014-04-29 17:09:22 -0700


Started GET "/people" for 127.0.0.1 at 2014-04-29 17:09:55 -0700
Processing by PeopleController#index as HTML
  [1m[36mPerson Load (0.2ms)[0m  [1mSELECT "people".* FROM "people"   ORDER BY people.last_name[0m
  Rendered people/index.html.erb within layouts/application (3.7ms)
Completed 200 OK in 10ms (Views: 9.2ms | ActiveRecord: 0.2ms)


Started GET "/assets/people.css?body=1" for 127.0.0.1 at 2014-04-29 17:09:55 -0700


Started GET "/assets/scaffolds.css?body=1" for 127.0.0.1 at 2014-04-29 17:09:55 -0700


Started GET "/assets/jquery.js?body=1" for 127.0.0.1 at 2014-04-29 17:09:55 -0700


Started GET "/assets/application.css?body=1" for 127.0.0.1 at 2014-04-29 17:09:55 -0700


Started GET "/assets/people.js?body=1" for 127.0.0.1 at 2014-04-29 17:09:55 -0700


Started GET "/assets/jquery_ujs.js?body=1" for 127.0.0.1 at 2014-04-29 17:09:55 -0700


Started GET "/assets/turbolinks.js?body=1" for 127.0.0.1 at 2014-04-29 17:09:55 -0700


Started GET "/assets/application.js?body=1" for 127.0.0.1 at 2014-04-29 17:09:55 -0700


Started GET "/people" for 127.0.0.1 at 2014-04-29 17:09:58 -0700
Processing by PeopleController#index as HTML
  [1m[35mPerson Load (0.3ms)[0m  SELECT "people".* FROM "people"   ORDER BY people.last_name
  Rendered people/index.html.erb within layouts/application (2.3ms)
Completed 200 OK in 8ms (Views: 6.5ms | ActiveRecord: 0.3ms)


Started GET "/assets/people.css?body=1" for 127.0.0.1 at 2014-04-29 17:09:58 -0700


Started GET "/assets/turbolinks.js?body=1" for 127.0.0.1 at 2014-04-29 17:09:58 -0700


Started GET "/assets/scaffolds.css?body=1" for 127.0.0.1 at 2014-04-29 17:09:58 -0700


Started GET "/assets/application.css?body=1" for 127.0.0.1 at 2014-04-29 17:09:58 -0700


Started GET "/assets/jquery_ujs.js?body=1" for 127.0.0.1 at 2014-04-29 17:09:58 -0700


Started GET "/assets/jquery.js?body=1" for 127.0.0.1 at 2014-04-29 17:09:58 -0700


Started GET "/assets/application.js?body=1" for 127.0.0.1 at 2014-04-29 17:09:58 -0700


Started GET "/assets/people.js?body=1" for 127.0.0.1 at 2014-04-29 17:09:58 -0700


Started GET "/" for 127.0.0.1 at 2014-05-01 16:14:59 -0700
  [1m[36mActiveRecord::SchemaMigration Load (1.8ms)[0m  [1mSELECT "schema_migrations".* FROM "schema_migrations"[0m
Processing by Rails::WelcomeController#index as HTML
  Rendered /Users/Bammtastic/.rbenv/versions/2.1.1/lib/ruby/gems/2.1.0/gems/railties-4.1.0/lib/rails/templates/rails/welcome/index.html.erb (2.6ms)
Completed 200 OK in 47ms (Views: 36.8ms | ActiveRecord: 0.0ms)


Started GET "/people" for 127.0.0.1 at 2014-05-01 16:15:41 -0700
Processing by PeopleController#index as HTML
  [1m[35mPerson Load (10.8ms)[0m  SELECT "people".* FROM "people"   ORDER BY people.last_name
  Rendered people/index.html.erb within layouts/application (19.8ms)
Completed 200 OK in 313ms (Views: 273.3ms | ActiveRecord: 11.1ms)


Started GET "/assets/people.css?body=1" for 127.0.0.1 at 2014-05-01 16:15:42 -0700


Started GET "/assets/application.css?body=1" for 127.0.0.1 at 2014-05-01 16:15:42 -0700


Started GET "/assets/jquery.js?body=1" for 127.0.0.1 at 2014-05-01 16:15:42 -0700


Started GET "/assets/scaffolds.css?body=1" for 127.0.0.1 at 2014-05-01 16:15:42 -0700


Started GET "/assets/jquery_ujs.js?body=1" for 127.0.0.1 at 2014-05-01 16:15:42 -0700


Started GET "/assets/people.js?body=1" for 127.0.0.1 at 2014-05-01 16:15:42 -0700


Started GET "/assets/turbolinks.js?body=1" for 127.0.0.1 at 2014-05-01 16:15:42 -0700


Started GET "/assets/application.js?body=1" for 127.0.0.1 at 2014-05-01 16:15:42 -0700


Started GET "/people" for 127.0.0.1 at 2014-05-01 16:15:47 -0700
Processing by PeopleController#index as HTML
  [1m[36mPerson Load (0.2ms)[0m  [1mSELECT "people".* FROM "people"   ORDER BY people.last_name[0m
  Rendered people/index.html.erb within layouts/application (3.2ms)
Completed 200 OK in 10ms (Views: 8.8ms | ActiveRecord: 0.2ms)


Started GET "/people" for 127.0.0.1 at 2014-05-01 16:24:24 -0700
Processing by PeopleController#index as HTML
  [1m[35mPerson Load (0.3ms)[0m  SELECT "people".* FROM "people"   ORDER BY people.last_name
  Rendered people/index.html.erb within layouts/application (29.4ms)
Completed 500 Internal Server Error in 34ms

ActionView::Template::Error (No route matches {:action=>"show", :controller=>"people"} missing required keys: [:id]):
    67:   <h2> Delete Employee </h2>
    68:   <p> Please select the employee for deletion. </p>
    69: 
    70:   <form method="DELETE" action='<%= person_path %>'>
    71:     Employee Name: <select id="select_box_delete"> </select> <br>
    72:     <input type="submit" value="Submit">
    73:     <input type="button" onclick="HideOverlay('delete_person')" value="Cancel">
  app/views/people/index.html.erb:70:in `_app_views_people_index_html_erb___1064962825800935430_70167615497360'


  Rendered /Users/Bammtastic/.rbenv/versions/2.1.1/lib/ruby/gems/2.1.0/gems/actionpack-4.1.0/lib/action_dispatch/middleware/templates/rescues/_trace.html.erb (1.9ms)
  Rendered /Users/Bammtastic/.rbenv/versions/2.1.1/lib/ruby/gems/2.1.0/gems/actionpack-4.1.0/lib/action_dispatch/middleware/templates/rescues/_request_and_response.html.erb (1.3ms)
  Rendered /Users/Bammtastic/.rbenv/versions/2.1.1/lib/ruby/gems/2.1.0/gems/actionpack-4.1.0/lib/action_dispatch/middleware/templates/rescues/template_error.html.erb within rescues/layout (21.4ms)
